[0.508s] Invoking command in '/home/parichu/intern/intern_task/build/robot_launch': PYTHONPATH=/home/parichu/intern/intern_task/build/robot_launch/prefix_override:/usr/lib/python3/dist-packages/colcon_core/task/python/colcon_distutils_commands:/home/parichu/intern/intern_task/install/robot_launch/lib/python3.10/site-packages:${PYTHONPATH} /usr/bin/python3 -W ignore:setup.py install is deprecated -W ignore:easy_install command is deprecated setup.py develop --editable --build-directory /home/parichu/intern/intern_task/build/robot_launch/build --no-deps symlink_data
[0.665s] running develop
[0.749s] running egg_info
[0.749s] creating robot_launch.egg-info
[0.749s] writing robot_launch.egg-info/PKG-INFO
[0.749s] writing dependency_links to robot_launch.egg-info/dependency_links.txt
[0.749s] writing entry points to robot_launch.egg-info/entry_points.txt
[0.749s] writing requirements to robot_launch.egg-info/requires.txt
[0.750s] writing top-level names to robot_launch.egg-info/top_level.txt
[0.750s] writing manifest file 'robot_launch.egg-info/SOURCES.txt'
[0.751s] reading manifest file 'robot_launch.egg-info/SOURCES.txt'
[0.751s] writing manifest file 'robot_launch.egg-info/SOURCES.txt'
[0.752s] running build_ext
[0.752s] Creating /home/parichu/intern/intern_task/install/robot_launch/lib/python3.10/site-packages/robot-launch.egg-link (link to .)
[0.753s] 
[0.753s] Installed /home/parichu/intern/intern_task/build/robot_launch
[0.753s] running symlink_data
[0.753s] symbolically linking /home/parichu/intern/intern_task/build/robot_launch/package.xml -> /home/parichu/intern/intern_task/install/robot_launch/share/robot_launch
[0.753s] creating /home/parichu/intern/intern_task/install/robot_launch/share/robot_launch/launch
[0.753s] error: can't copy '/home/parichu/intern/intern_task/build/robot_launch/launch/runscript.launch.py': doesn't exist or not a regular file
[0.778s] Invoked command in '/home/parichu/intern/intern_task/build/robot_launch' returned '1': PYTHONPATH=/home/parichu/intern/intern_task/build/robot_launch/prefix_override:/usr/lib/python3/dist-packages/colcon_core/task/python/colcon_distutils_commands:/home/parichu/intern/intern_task/install/robot_launch/lib/python3.10/site-packages:${PYTHONPATH} /usr/bin/python3 -W ignore:setup.py install is deprecated -W ignore:easy_install command is deprecated setup.py develop --editable --build-directory /home/parichu/intern/intern_task/build/robot_launch/build --no-deps symlink_data
