[0.011s] Invoking command in '/home/parichu/intern/intern_task/build/myfirstbot': CMAKE_PREFIX_PATH=${CMAKE_PREFIX_PATH}:/home/parichu/intern/my_pack_ws/install/my_pack:/opt/ros/humble /usr/bin/cmake /home/parichu/intern/intern_task/src/myfirstbot -DAMENT_CMAKE_SYMLINK_INSTALL=1 -DCMAKE_INSTALL_PREFIX=/home/parichu/intern/intern_task/install/myfirstbot
[0.077s] -- The C compiler identification is GNU 11.4.0
[0.140s] -- The CXX compiler identification is GNU 11.4.0
[0.147s] -- Detecting C compiler ABI info
[0.200s] -- Detecting C compiler ABI info - done
[0.207s] -- Check for working C compiler: /usr/bin/cc - skipped
[0.208s] -- Detecting C compile features
[0.208s] -- Detecting C compile features - done
[0.211s] -- Detecting CXX compiler ABI info
[0.268s] -- Detecting CXX compiler ABI info - done
[0.273s] -- Check for working CXX compiler: /usr/bin/c++ - skipped
[0.274s] -- Detecting CXX compile features
[0.274s] -- Detecting CXX compile features - done
[0.277s] -- Found ament_cmake: 1.3.11 (/opt/ros/humble/share/ament_cmake/cmake)
[0.380s] -- Found Python3: /usr/bin/python3 (found version "3.10.12") found components: Interpreter 
[0.428s] -- Override CMake install command with custom implementation using symlinks instead of copying resources
[0.448s] -- Found ament_lint_auto: 0.12.12 (/opt/ros/humble/share/ament_lint_auto/cmake)
[0.505s] -- Added test 'copyright' to check source files copyright and LICENSE
[0.508s] -- Added test 'flake8' to check Python code syntax and style conventions
[0.509s] -- Added test 'lint_cmake' to check CMake code style
[0.509s] -- Added test 'pep257' to check Python code against some of the docstring style conventions in PEP 257
[0.511s] -- Added test 'xmllint' to check XML markup files
[0.512s] -- Configuring done
[0.513s] -- Generating done
[0.514s] -- Build files have been written to: /home/parichu/intern/intern_task/build/myfirstbot
[0.518s] Invoked command in '/home/parichu/intern/intern_task/build/myfirstbot' returned '0': CMAKE_PREFIX_PATH=${CMAKE_PREFIX_PATH}:/home/parichu/intern/my_pack_ws/install/my_pack:/opt/ros/humble /usr/bin/cmake /home/parichu/intern/intern_task/src/myfirstbot -DAMENT_CMAKE_SYMLINK_INSTALL=1 -DCMAKE_INSTALL_PREFIX=/home/parichu/intern/intern_task/install/myfirstbot
[0.519s] Invoking command in '/home/parichu/intern/intern_task/build/myfirstbot': CMAKE_PREFIX_PATH=${CMAKE_PREFIX_PATH}:/home/parichu/intern/my_pack_ws/install/my_pack:/opt/ros/humble /usr/bin/cmake --build /home/parichu/intern/intern_task/build/myfirstbot -- -j16 -l16
[0.547s] Invoked command in '/home/parichu/intern/intern_task/build/myfirstbot' returned '0': CMAKE_PREFIX_PATH=${CMAKE_PREFIX_PATH}:/home/parichu/intern/my_pack_ws/install/my_pack:/opt/ros/humble /usr/bin/cmake --build /home/parichu/intern/intern_task/build/myfirstbot -- -j16 -l16
[0.553s] Invoking command in '/home/parichu/intern/intern_task/build/myfirstbot': CMAKE_PREFIX_PATH=${CMAKE_PREFIX_PATH}:/home/parichu/intern/my_pack_ws/install/my_pack:/opt/ros/humble /usr/bin/cmake --install /home/parichu/intern/intern_task/build/myfirstbot
[0.558s] -- Install configuration: ""
[0.558s] -- Execute custom install script
[0.559s] -- Symlinking: /home/parichu/intern/intern_task/install/myfirstbot/share/myfirstbot/config/drive_bot.rviz
[0.565s] -- Symlinking: /home/parichu/intern/intern_task/install/myfirstbot/share/myfirstbot/config/empty.yaml
[0.572s] -- Symlinking: /home/parichu/intern/intern_task/install/myfirstbot/share/myfirstbot/config/view_bot.rviz
[0.578s] -- Symlinking: /home/parichu/intern/intern_task/install/myfirstbot/share/myfirstbot/description/gazebo_control.xacro
[0.585s] -- Symlinking: /home/parichu/intern/intern_task/install/myfirstbot/share/myfirstbot/description/inertial_macros.xacro
[0.591s] -- Symlinking: /home/parichu/intern/intern_task/install/myfirstbot/share/myfirstbot/description/lidar.xacro
[0.595s] -- Symlinking: /home/parichu/intern/intern_task/install/myfirstbot/share/myfirstbot/description/robot.urdf.xacro
[0.600s] -- Symlinking: /home/parichu/intern/intern_task/install/myfirstbot/share/myfirstbot/description/robot_core.xacro
[0.606s] -- Symlinking: /home/parichu/intern/intern_task/install/myfirstbot/share/myfirstbot/launch/launch_sim.launch.py
[0.612s] -- Symlinking: /home/parichu/intern/intern_task/install/myfirstbot/share/myfirstbot/launch/rsp.launch.py
[0.618s] -- Symlinking: /home/parichu/intern/intern_task/install/myfirstbot/share/myfirstbot/worlds/empty.world
[0.623s] -- Symlinking: /home/parichu/intern/intern_task/install/myfirstbot/share/myfirstbot/worlds/obstacles.world
[0.631s] -- Symlinking: /home/parichu/intern/intern_task/install/myfirstbot/share/ament_index/resource_index/package_run_dependencies/myfirstbot
[0.636s] -- Symlinking: /home/parichu/intern/intern_task/install/myfirstbot/share/ament_index/resource_index/parent_prefix_path/myfirstbot
[0.641s] -- Symlinking: /home/parichu/intern/intern_task/install/myfirstbot/share/myfirstbot/environment/ament_prefix_path.sh
[0.648s] -- Symlinking: /home/parichu/intern/intern_task/install/myfirstbot/share/myfirstbot/environment/ament_prefix_path.dsv
[0.657s] -- Symlinking: /home/parichu/intern/intern_task/install/myfirstbot/share/myfirstbot/environment/path.sh
[0.667s] -- Symlinking: /home/parichu/intern/intern_task/install/myfirstbot/share/myfirstbot/environment/path.dsv
[0.677s] -- Symlinking: /home/parichu/intern/intern_task/install/myfirstbot/share/myfirstbot/local_setup.bash
[0.686s] -- Symlinking: /home/parichu/intern/intern_task/install/myfirstbot/share/myfirstbot/local_setup.sh
[0.696s] -- Symlinking: /home/parichu/intern/intern_task/install/myfirstbot/share/myfirstbot/local_setup.zsh
[0.705s] -- Symlinking: /home/parichu/intern/intern_task/install/myfirstbot/share/myfirstbot/local_setup.dsv
[0.713s] -- Symlinking: /home/parichu/intern/intern_task/install/myfirstbot/share/myfirstbot/package.dsv
[0.724s] -- Symlinking: /home/parichu/intern/intern_task/install/myfirstbot/share/ament_index/resource_index/packages/myfirstbot
[0.733s] -- Symlinking: /home/parichu/intern/intern_task/install/myfirstbot/share/myfirstbot/cmake/myfirstbotConfig.cmake
[0.743s] -- Symlinking: /home/parichu/intern/intern_task/install/myfirstbot/share/myfirstbot/cmake/myfirstbotConfig-version.cmake
[0.751s] -- Symlinking: /home/parichu/intern/intern_task/install/myfirstbot/share/myfirstbot/package.xml
[0.761s] Invoked command in '/home/parichu/intern/intern_task/build/myfirstbot' returned '0': CMAKE_PREFIX_PATH=${CMAKE_PREFIX_PATH}:/home/parichu/intern/my_pack_ws/install/my_pack:/opt/ros/humble /usr/bin/cmake --install /home/parichu/intern/intern_task/build/myfirstbot
